ReachUpTests/BeaconTest/build/app/intermediates/manifest_merge_blame_file/debug/manifest-merger-blame-debug-report.txt
1<?xml version="1.0" encoding="utf-8"?>
2<manifest xmlns:android="http://schemas.android.com/apk/res/android"
3    package="com.example.BeaconTest"
4    android:versionCode="1"
5    android:versionName="1.0.0" >
6
7    <uses-sdk
8        android:minSdkVersion="18"
9        android:targetSdkVersion="28" />
10    <!--
11         Flutter needs it to communicate with the running application
12         to allow setting breakpoints, to provide hot reload, etc.
13    -->
14    <uses-permission android:name="android.permission.INTERNET" />
14-->src\debug\AndroidManifest.xml:6:5-66
14-->src\debug\AndroidManifest.xml:6:22-64
15
16    <meta-data
16-->src\debug\AndroidManifest.xml:10:6-79
17        android:name="mLongScanForcingEnabled "
17-->src\debug\AndroidManifest.xml:10:17-56
18        android:value="true" />
18-->src\debug\AndroidManifest.xml:10:57-77
19
20    <uses-permission
20-->[org.altbeacon:android-beacon-library:2.16.3] AndroidManifest.xml:11:5-13:36
21        android:name="android.permission.BLUETOOTH"
21-->[org.altbeacon:android-beacon-library:2.16.3] AndroidManifest.xml:12:9-52
22        android:required="false" />
22-->[org.altbeacon:android-beacon-library:2.16.3] AndroidManifest.xml:13:9-33
23    <uses-permission
23-->[org.altbeacon:android-beacon-library:2.16.3] AndroidManifest.xml:14:5-16:36
24        android:name="android.permission.BLUETOOTH_ADMIN"
24-->[org.altbeacon:android-beacon-library:2.16.3] AndroidManifest.xml:15:9-58
25        android:required="false" />
25-->[org.altbeacon:android-beacon-library:2.16.3] AndroidManifest.xml:16:9-33
26    <uses-permission android:name="android.permission.RECEIVE_BOOT_COMPLETED" />
26-->[org.altbeacon:android-beacon-library:2.16.3] AndroidManifest.xml:17:5-81
26-->[org.altbeacon:android-beacon-library:2.16.3] AndroidManifest.xml:17:22-78
27    <uses-permission android:name="android.permission.ACCESS_COARSE_LOCATION" />
27-->[org.altbeacon:android-beacon-library:2.16.3] AndroidManifest.xml:18:5-81
27-->[org.altbeacon:android-beacon-library:2.16.3] AndroidManifest.xml:18:22-78
28    <!--
29 io.flutter.app.FlutterApplication is an android.app.Application that
30         calls FlutterMain.startInitialization(this); in its onCreate method.
31         In most cases you can leave this as-is, but you if you want to provide
32         additional functionality it is fine to subclass or reimplement
33         FlutterApplication and put your custom class here.
34    -->
35    <application
35-->src\main\AndroidManifest.xml:8:5-48:19
36        android:name="io.flutter.app.FlutterApplication"
36-->src\main\AndroidManifest.xml:9:9-57
37        android:appComponentFactory="androidx.core.app.CoreComponentFactory"
37-->[androidx.core:core:1.1.0] AndroidManifest.xml:24:18-86
38        android:debuggable="true"
39        android:icon="@mipmap/ic_launcher"
39-->src\main\AndroidManifest.xml:11:9-43
40        android:label="BeaconTest" >
40-->src\main\AndroidManifest.xml:10:9-35
41        <activity
41-->src\main\AndroidManifest.xml:12:9-40:20
42            android:name="com.example.BeaconTest.MainActivity"
42-->src\main\AndroidManifest.xml:13:13-41
43            android:configChanges="orientation|keyboardHidden|keyboard|screenSize|smallestScreenSize|locale|layoutDirection|fontScale|screenLayout|density|uiMode"
43-->src\main\AndroidManifest.xml:16:13-163
44            android:hardwareAccelerated="true"
44-->src\main\AndroidManifest.xml:17:13-47
45            android:launchMode="singleTop"
45-->src\main\AndroidManifest.xml:14:13-43
46            android:theme="@style/LaunchTheme"
46-->src\main\AndroidManifest.xml:15:13-47
47            android:windowSoftInputMode="adjustResize" >
47-->src\main\AndroidManifest.xml:18:13-55
48
49            <!--
50                 Specifies an Android theme to apply to this Activity as soon as
51                 the Android process has started. This theme is visible to the user
52                 while the Flutter UI initializes. After that, this theme continues
53                 to determine the Window background behind the Flutter UI.
54            -->
55            <meta-data
55-->src\main\AndroidManifest.xml:23:13-26:17
56                android:name="io.flutter.embedding.android.NormalTheme"
56-->src\main\AndroidManifest.xml:24:15-70
57                android:resource="@style/NormalTheme" />
57-->src\main\AndroidManifest.xml:25:15-52
58            <!--
59                 Displays an Android View that continues showing the launch screen
60                 Drawable until Flutter paints its first frame, then this splash
61                 screen fades out. A splash screen is useful to avoid any visual
62                 gap between the end of Android's launch screen and the painting of
63                 Flutter's first frame.
64            -->
65            <meta-data
65-->src\main\AndroidManifest.xml:32:13-35:17
66                android:name="io.flutter.embedding.android.SplashScreenDrawable"
66-->src\main\AndroidManifest.xml:33:15-79
67                android:resource="@drawable/launch_background" />
67-->src\main\AndroidManifest.xml:34:15-61
68
69            <intent-filter>
69-->src\main\AndroidManifest.xml:36:13-39:29
70                <action android:name="android.intent.action.MAIN" />
70-->src\main\AndroidManifest.xml:37:17-68
70-->src\main\AndroidManifest.xml:37:25-66
71
72                <category android:name="android.intent.category.LAUNCHER" />
72-->src\main\AndroidManifest.xml:38:17-76
72-->src\main\AndroidManifest.xml:38:27-74
73            </intent-filter>
74        </activity>
75        <!--
76             Don't delete the meta-data below.
77             This is used by the Flutter tool to generate GeneratedPluginRegistrant.java
78        -->
79        <meta-data
79-->src\main\AndroidManifest.xml:43:9-45:33
80            android:name="flutterEmbedding"
80-->src\main\AndroidManifest.xml:44:13-44
81            android:value="2" />
81-->src\main\AndroidManifest.xml:45:13-30
82        <meta-data
82-->src\main\AndroidManifest.xml:47:11-83
83            android:name="mLongScanForcingEnabled"
83-->src\main\AndroidManifest.xml:47:22-60
84            android:value="true" />
84-->src\main\AndroidManifest.xml:47:61-81
85
86        <receiver android:name="org.altbeacon.beacon.startup.StartupBroadcastReceiver" >
86-->[org.altbeacon:android-beacon-library:2.16.3] AndroidManifest.xml:21:9-27:20
86-->[org.altbeacon:android-beacon-library:2.16.3] AndroidManifest.xml:21:19-87
87            <intent-filter>
87-->[org.altbeacon:android-beacon-library:2.16.3] AndroidManifest.xml:22:13-26:29
88                <action android:name="android.intent.action.BOOT_COMPLETED" />
88-->[org.altbeacon:android-beacon-library:2.16.3] AndroidManifest.xml:23:17-79
88-->[org.altbeacon:android-beacon-library:2.16.3] AndroidManifest.xml:23:25-76
89                <action android:name="android.intent.action.ACTION_POWER_CONNECTED" />
89-->[org.altbeacon:android-beacon-library:2.16.3] AndroidManifest.xml:24:17-87
89-->[org.altbeacon:android-beacon-library:2.16.3] AndroidManifest.xml:24:25-84
90                <action android:name="android.intent.action.ACTION_POWER_DISCONNECTED" />
90-->[org.altbeacon:android-beacon-library:2.16.3] AndroidManifest.xml:25:17-90
90-->[org.altbeacon:android-beacon-library:2.16.3] AndroidManifest.xml:25:25-87
91            </intent-filter>
92        </receiver>
93
94        <service
94-->[org.altbeacon:android-beacon-library:2.16.3] AndroidManifest.xml:29:9-34:38
95            android:name="org.altbeacon.beacon.service.BeaconService"
95-->[org.altbeacon:android-beacon-library:2.16.3] AndroidManifest.xml:30:13-70
96            android:enabled="true"
96-->[org.altbeacon:android-beacon-library:2.16.3] AndroidManifest.xml:31:13-35
97            android:exported="false"
97-->[org.altbeacon:android-beacon-library:2.16.3] AndroidManifest.xml:32:13-37
98            android:isolatedProcess="false"
98-->[org.altbeacon:android-beacon-library:2.16.3] AndroidManifest.xml:33:13-44
99            android:label="beacon" />
99-->[org.altbeacon:android-beacon-library:2.16.3] AndroidManifest.xml:34:13-35
100        <service
100-->[org.altbeacon:android-beacon-library:2.16.3] AndroidManifest.xml:35:9-38:40
101            android:name="org.altbeacon.beacon.BeaconIntentProcessor"
101-->[org.altbeacon:android-beacon-library:2.16.3] AndroidManifest.xml:36:13-70
102            android:enabled="true"
102-->[org.altbeacon:android-beacon-library:2.16.3] AndroidManifest.xml:37:13-35
103            android:exported="false" />
103-->[org.altbeacon:android-beacon-library:2.16.3] AndroidManifest.xml:38:13-37
104        <service
104-->[org.altbeacon:android-beacon-library:2.16.3] AndroidManifest.xml:39:9-48:19
105            android:name="org.altbeacon.beacon.service.ScanJob"
105-->[org.altbeacon:android-beacon-library:2.16.3] AndroidManifest.xml:40:13-64
106            android:permission="android.permission.BIND_JOB_SERVICE" >
106-->[org.altbeacon:android-beacon-library:2.16.3] AndroidManifest.xml:41:13-69
107            <meta-data
107-->[org.altbeacon:android-beacon-library:2.16.3] AndroidManifest.xml:42:13-44:45
108                android:name="immediateScanJobId"
108-->[org.altbeacon:android-beacon-library:2.16.3] AndroidManifest.xml:43:17-50
109                android:value="208352939" />
109-->[org.altbeacon:android-beacon-library:2.16.3] AndroidManifest.xml:44:17-42
110            <meta-data
110-->[org.altbeacon:android-beacon-library:2.16.3] AndroidManifest.xml:45:13-47:45
111                android:name="periodicScanJobId"
111-->[org.altbeacon:android-beacon-library:2.16.3] AndroidManifest.xml:46:17-49
112                android:value="208352940" />
112-->[org.altbeacon:android-beacon-library:2.16.3] AndroidManifest.xml:47:17-42
113        </service>
114        <service
114-->[org.altbeacon:android-beacon-library:2.16.3] AndroidManifest.xml:49:9-55:19
115            android:name="org.altbeacon.bluetooth.BluetoothTestJob"
115-->[org.altbeacon:android-beacon-library:2.16.3] AndroidManifest.xml:50:13-68
116            android:permission="android.permission.BIND_JOB_SERVICE" >
116-->[org.altbeacon:android-beacon-library:2.16.3] AndroidManifest.xml:51:13-69
117            <meta-data
117-->[org.altbeacon:android-beacon-library:2.16.3] AndroidManifest.xml:52:13-54:46
118                android:name="jobId"
118-->[org.altbeacon:android-beacon-library:2.16.3] AndroidManifest.xml:53:17-37
119                android:value="1799803768" />
119-->[org.altbeacon:android-beacon-library:2.16.3] AndroidManifest.xml:54:17-43
120        </service>
121    </application>
122
123</manifest>